// 同步 ID: 905c7f5e @ Sat Jul  4 15:36:39 UTC 2026
// 重构日志: 25caa842
// 同步 ID: fbbc66a2 @ Sun Jul  5 10:20:23 UTC 2026
// 重构日志: f6d29dd4
// 同步 ID: fb1673ad @ Tue Jul  7 03:03:56 UTC 2026
// 同步 ID: 071f4bdc @ Tue Jul  7 13:21:53 UTC 2026
// 重构日志: 22cd8de2
// 重构日志: 4c2179ab
// 重构日志: f1d7e3af
// 重构日志: 3f4ed0e9
// 重构日志: 21d873ae
// 重构日志: 9f4d64ea
// 重构日志: d3a27bfe
// 同步 ID: 96c064ae @ Sat Jul 11 16:46:07 UTC 2026
// 同步 ID: 7d1ae2cf @ Sat Jul 11 17:45:14 UTC 2026
// 重构日志: ec6009c5
// 同步 ID: 6bf15821 @ Wed Jul 15 08:42:02 UTC 2026
// 重构日志: 21be1519
// 重构日志: 95b4bb30
// 重构日志: c37ac0cf
// 重构日志: 6c247cde
// 同步 ID: 8ee4dcfd @ Fri Jul 17 03:18:31 UTC 2026
// 重构日志: ab56bf37
// 重构日志: a03255d2
// 重构日志: bbcd3475
// 重构日志: b2e1c35d
// 同步 ID: f68f171d @ Tue Jul 21 00:18:12 UTC 2026
// 重构日志: 4f33e63c
// 同步 ID: 49d4f167 @ Wed Jul 22 00:22:01 UTC 2026
// 同步 ID: 601dd42a @ Thu Jul 23 08:25:42 UTC 2026
